Started GET "/" for 127.0.0.1 at 2025-03-17 21:24:12 +0900
  [1m[35m (1.0ms)[0m  [1m[35mCREATE TABLE "schema_migrations" ("version" varchar NOT NULL PRIMARY KEY) /*application='Helloworld'*/[0m
  [1m[35m (0.1ms)[0m  [1m[35mCREATE TABLE "ar_internal_metadata" ("key" varchar NOT NULL PRIMARY KEY, "value" varchar, "created_at" datetime(6) NOT NULL, "updated_at" datetime(6) NOT NULL) /*application='Helloworld'*/[0m
  [1m[36mActiveRecord::SchemaMigration Load (0.1ms)[0m  [1m[34mSELECT "schema_migrations"."version" FROM "schema_migrations" ORDER BY "schema_migrations"."version" ASC /*application='Helloworld'*/[0m
Processing by Rails::WelcomeController#index as HTML
  Rendering /Users/ksanchu/.rbenv/versions/3.3.4/lib/ruby/gems/3.3.0/gems/railties-8.0.2/lib/rails/templates/rails/welcome/index.html.erb
  Rendered /Users/ksanchu/.rbenv/versions/3.3.4/lib/ruby/gems/3.3.0/gems/railties-8.0.2/lib/rails/templates/rails/welcome/index.html.erb (Duration: 0.4ms | GC: 0.0ms)
Completed 200 OK in 17ms (Views: 4.8ms | ActiveRecord: 0.0ms (0 queries, 0 cached) | GC: 0.5ms)


Started GET "/icon.png" for 127.0.0.1 at 2025-03-17 21:24:12 +0900
  
ActionController::RoutingError (No route matches [GET] "/icon.png"):
  
  [1m[36mActiveRecord::InternalMetadata Load (0.2ms)[0m  [1m[34mSELECT * FROM "ar_internal_metadata" WHERE "ar_internal_metadata"."key" = 'environment' ORDER BY "ar_internal_metadata"."key" ASC LIMIT 1 /*application='Helloworld'*/[0m
  [1m[36mActiveRecord::InternalMetadata Create (0.2ms)[0m  [1m[32mINSERT INTO "ar_internal_metadata" ("key", "value", "created_at", "updated_at") VALUES ('environment', 'development', '2025-03-17 12:25:40.252291', '2025-03-17 12:25:40.252293') RETURNING "key" /*application='Helloworld'*/[0m
  [1m[36mActiveRecord::SchemaMigration Load (0.0ms)[0m  [1m[34mSELECT "schema_migrations"."version" FROM "schema_migrations" ORDER BY "schema_migrations"."version" ASC /*application='Helloworld'*/[0m
Migrating to CreateProducts (20250317122502)
  [1m[36mTRANSACTION (0.1ms)[0m  [1m[35mBEGIN immediate TRANSACTION /*application='Helloworld'*/[0m
  [1m[35m (0.9ms)[0m  [1m[35mCREATE TABLE "products" ("id" integer PRIMARY KEY AUTOINCREMENT NOT NULL, "name" varchar, "created_at" datetime(6) NOT NULL, "updated_at" datetime(6) NOT NULL) /*application='Helloworld'*/[0m
  [1m[36mActiveRecord::SchemaMigration Create (0.0ms)[0m  [1m[32mINSERT INTO "schema_migrations" ("version") VALUES ('20250317122502') RETURNING "version" /*application='Helloworld'*/[0m
  [1m[36mTRANSACTION (0.0ms)[0m  [1m[35mCOMMIT TRANSACTION /*application='Helloworld'*/[0m
  [1m[36mActiveRecord::SchemaMigration Load (0.0ms)[0m  [1m[34mSELECT "schema_migrations"."version" FROM "schema_migrations" ORDER BY "schema_migrations"."version" ASC /*application='Helloworld'*/[0m
  [1m[36mProduct Load (5.7ms)[0m  [1m[34mSELECT "products".* FROM "products" /* loading for pp */ LIMIT 11 /*application='Helloworld'*/[0m
  [1m[36mProduct Load (0.2ms)[0m  [1m[34mSELECT "products".* FROM "products" /* loading for pp */ LIMIT 11 /*application='Helloworld'*/[0m
  [1m[36mTRANSACTION (0.2ms)[0m  [1m[35mBEGIN immediate TRANSACTION /*application='Helloworld'*/[0m
  [1m[36mProduct Create (4.8ms)[0m  [1m[32mINSERT INTO "products" ("name", "created_at", "updated_at") VALUES ('T-Shirt', '2025-03-17 12:26:50.093804', '2025-03-17 12:26:50.093804') RETURNING "id" /*application='Helloworld'*/[0m
  [1m[36mTRANSACTION (0.6ms)[0m  [1m[35mCOMMIT TRANSACTION /*application='Helloworld'*/[0m
  [1m[36mProduct Load (0.4ms)[0m  [1m[34mSELECT "products".* FROM "products" /* loading for pp */ LIMIT 11 /*application='Helloworld'*/[0m
  [1m[36mTRANSACTION (3.1ms)[0m  [1m[35mBEGIN immediate TRANSACTION /*application='Helloworld'*/[0m
  [1m[36mProduct Create (6.7ms)[0m  [1m[32mINSERT INTO "products" ("name", "created_at", "updated_at") VALUES ('Tank-Top', '2025-03-17 12:27:27.781150', '2025-03-17 12:27:27.781150') RETURNING "id" /*application='Helloworld'*/[0m
  [1m[36mTRANSACTION (0.5ms)[0m  [1m[35mCOMMIT TRANSACTION /*application='Helloworld'*/[0m
  [1m[36mProduct Load (0.1ms)[0m  [1m[34mSELECT "products".* FROM "products" WHERE "products"."name" = 'Pants' /* loading for pp */ LIMIT 11 /*application='Helloworld'*/[0m
  [1m[36mProduct Load (0.3ms)[0m  [1m[34mSELECT "products".* FROM "products" WHERE "products"."name" = 'Tank' /* loading for pp */ LIMIT 11 /*application='Helloworld'*/[0m
  [1m[36mProduct Load (0.1ms)[0m  [1m[34mSELECT "products".* FROM "products" WHERE "products"."name" = 'Tank-Top' /* loading for pp */ LIMIT 11 /*application='Helloworld'*/[0m
  [1m[36mProduct Load (1.5ms)[0m  [1m[34mSELECT "products".* FROM "products" /* loading for pp */ ORDER BY "products"."name" ASC LIMIT 11 /*application='Helloworld'*/[0m
  [1m[36mProduct Load (1.2ms)[0m  [1m[34mSELECT "products".* FROM "products" WHERE "products"."id" = 1 LIMIT 1 /*application='Helloworld'*/[0m
  [1m[36mProduct Load (0.3ms)[0m  [1m[34mSELECT "products".* FROM "products" WHERE "products"."id" = 1 LIMIT 1 /*application='Helloworld'*/[0m
  [1m[36mTRANSACTION (0.1ms)[0m  [1m[35mBEGIN immediate TRANSACTION /*application='Helloworld'*/[0m
  [1m[36mProduct Update (2.0ms)[0m  [1m[33mUPDATE "products" SET "name" = 'Shoes', "updated_at" = '2025-03-17 12:29:11.423894' WHERE "products"."id" = 2 /*application='Helloworld'*/[0m
  [1m[36mTRANSACTION (1.1ms)[0m  [1m[35mCOMMIT TRANSACTION /*application='Helloworld'*/[0m
  [1m[36mProduct Load (0.2ms)[0m  [1m[34mSELECT "products".* FROM "products" /* loading for pp */ LIMIT 11 /*application='Helloworld'*/[0m
  [1m[36mTRANSACTION (0.1ms)[0m  [1m[35mBEGIN immediate TRANSACTION /*application='Helloworld'*/[0m
  [1m[36mProduct Destroy (1.6ms)[0m  [1m[31mDELETE FROM "products" WHERE "products"."id" = 2 /*application='Helloworld'*/[0m
  [1m[36mTRANSACTION (0.4ms)[0m  [1m[35mCOMMIT TRANSACTION /*application='Helloworld'*/[0m
  [1m[36mProduct Load (0.3ms)[0m  [1m[34mSELECT "products".* FROM "products" /* loading for pp */ LIMIT 11 /*application='Helloworld'*/[0m
  [1m[36mTRANSACTION (0.5ms)[0m  [1m[35mBEGIN immediate TRANSACTION /*application='Helloworld'*/[0m
  [1m[36mProduct Create (4.3ms)[0m  [1m[32mINSERT INTO "products" ("name", "created_at", "updated_at") VALUES (NULL, '2025-03-17 12:31:01.416217', '2025-03-17 12:31:01.416217') RETURNING "id" /*application='Helloworld'*/[0m
  [1m[36mTRANSACTION (0.3ms)[0m  [1m[35mCOMMIT TRANSACTION /*application='Helloworld'*/[0m
