  [1m[35m (3.1ms)[0m  [1m[35mCREATE TABLE "schema_migrations" ("version" varchar NOT NULL PRIMARY KEY) /*application='Store'*/[0m
  [1m[35m (0.1ms)[0m  [1m[35mCREATE TABLE "ar_internal_metadata" ("key" varchar NOT NULL PRIMARY KEY, "value" varchar, "created_at" datetime(6) NOT NULL, "updated_at" datetime(6) NOT NULL) /*application='Store'*/[0m
  [1m[36mActiveRecord::InternalMetadata Load (0.1ms)[0m  [1m[34mSELECT * FROM "ar_internal_metadata" WHERE "ar_internal_metadata"."key" = 'environment' ORDER BY "ar_internal_metadata"."key" ASC LIMIT 1 /*application='Store'*/[0m
  [1m[36mActiveRecord::InternalMetadata Create (0.1ms)[0m  [1m[32mINSERT INTO "ar_internal_metadata" ("key", "value", "created_at", "updated_at") VALUES ('environment', 'development', '2025-03-22 13:41:16.729348', '2025-03-22 13:41:16.729351') RETURNING "key" /*application='Store'*/[0m
  [1m[36mActiveRecord::SchemaMigration Load (0.1ms)[0m  [1m[34mSELECT "schema_migrations"."version" FROM "schema_migrations" ORDER BY "schema_migrations"."version" ASC /*application='Store'*/[0m
Migrating to CreateProducts (20250322134111)
  [1m[36mTRANSACTION (0.0ms)[0m  [1m[35mBEGIN immediate TRANSACTION /*application='Store'*/[0m
  [1m[35m (9.4ms)[0m  [1m[35mCREATE TABLE "products" ("id" integer PRIMARY KEY AUTOINCREMENT NOT NULL, "name" varchar, "created_at" datetime(6) NOT NULL, "updated_at" datetime(6) NOT NULL) /*application='Store'*/[0m
  [1m[36mActiveRecord::SchemaMigration Create (0.0ms)[0m  [1m[32mINSERT INTO "schema_migrations" ("version") VALUES ('20250322134111') RETURNING "version" /*application='Store'*/[0m
  [1m[36mTRANSACTION (0.1ms)[0m  [1m[35mCOMMIT TRANSACTION /*application='Store'*/[0m
  [1m[36mActiveRecord::SchemaMigration Load (0.1ms)[0m  [1m[34mSELECT "schema_migrations"."version" FROM "schema_migrations" ORDER BY "schema_migrations"."version" ASC /*application='Store'*/[0m
Started GET "/" for 127.0.0.1 at 2025-03-22 22:45:34 +0900
  [1m[36mActiveRecord::SchemaMigration Load (0.6ms)[0m  [1m[34mSELECT "schema_migrations"."version" FROM "schema_migrations" ORDER BY "schema_migrations"."version" ASC /*application='Store'*/[0m
Processing by Rails::WelcomeController#index as HTML
  Rendering /Users/ksanchu/.rbenv/versions/3.3.4/lib/ruby/gems/3.3.0/gems/railties-8.0.2/lib/rails/templates/rails/welcome/index.html.erb
  Rendered /Users/ksanchu/.rbenv/versions/3.3.4/lib/ruby/gems/3.3.0/gems/railties-8.0.2/lib/rails/templates/rails/welcome/index.html.erb (Duration: 0.6ms | GC: 0.0ms)
Completed 200 OK in 97ms (Views: 7.3ms | ActiveRecord: 0.0ms (0 queries, 0 cached) | GC: 10.4ms)


Started GET "/products" for 127.0.0.1 at 2025-03-22 22:45:38 +0900
  
ActionController::RoutingError (No route matches [GET] "/products"):
  
Started GET "/products" for 127.0.0.1 at 2025-03-22 22:45:39 +0900
  
ActionController::RoutingError (No route matches [GET] "/products"):
  
Started GET "/favicon.ico" for 127.0.0.1 at 2025-03-22 22:45:39 +0900
  
ActionController::RoutingError (No route matches [GET] "/favicon.ico"):
  
Started GET "/" for 127.0.0.1 at 2025-03-22 22:46:17 +0900
Processing by Rails::WelcomeController#index as HTML
  Rendering /Users/ksanchu/.rbenv/versions/3.3.4/lib/ruby/gems/3.3.0/gems/railties-8.0.2/lib/rails/templates/rails/welcome/index.html.erb
  Rendered /Users/ksanchu/.rbenv/versions/3.3.4/lib/ruby/gems/3.3.0/gems/railties-8.0.2/lib/rails/templates/rails/welcome/index.html.erb (Duration: 2.0ms | GC: 0.0ms)
Completed 200 OK in 35ms (Views: 4.4ms | ActiveRecord: 0.0ms (0 queries, 0 cached) | GC: 1.3ms)


Started GET "/products" for 127.0.0.1 at 2025-03-22 22:46:29 +0900
  
ActionController::RoutingError (No route matches [GET] "/products"):
  
Started GET "/products/index" for 127.0.0.1 at 2025-03-22 22:46:30 +0900
Processing by ProductsController#index as HTML
  Rendering layout layouts/application.html.erb
  Rendering products/index.html.erb within layouts/application
  Rendered products/index.html.erb within layouts/application (Duration: 0.7ms | GC: 0.0ms)
  Rendered layout layouts/application.html.erb (Duration: 7.3ms | GC: 0.0ms)
Completed 200 OK in 58ms (Views: 9.2ms | ActiveRecord: 0.0ms (0 queries, 0 cached) | GC: 0.0ms)


Started GET "/assets/application-8b441ae0.css" for 127.0.0.1 at 2025-03-22 22:46:30 +0900
  [1m[36mTRANSACTION (0.4ms)[0m  [1m[35mBEGIN immediate TRANSACTION /*application='Store'*/[0m
  [1m[36mProduct Create (8.2ms)[0m  [1m[32mINSERT INTO "products" ("name", "created_at", "updated_at") VALUES ('brush', '2025-03-22 13:48:59.514977', '2025-03-22 13:48:59.514977') RETURNING "id" /*application='Store'*/[0m
  [1m[36mTRANSACTION (0.4ms)[0m  [1m[35mCOMMIT TRANSACTION /*application='Store'*/[0m
  [1m[36mTRANSACTION (0.2ms)[0m  [1m[35mBEGIN immediate TRANSACTION /*application='Store'*/[0m
  [1m[36mProduct Create (2.6ms)[0m  [1m[32mINSERT INTO "products" ("name", "created_at", "updated_at") VALUES ('soap', '2025-03-22 13:49:42.677996', '2025-03-22 13:49:42.677996') RETURNING "id" /*application='Store'*/[0m
  [1m[36mTRANSACTION (0.5ms)[0m  [1m[35mCOMMIT TRANSACTION /*application='Store'*/[0m
  [1m[36mTRANSACTION (3.2ms)[0m  [1m[35mBEGIN immediate TRANSACTION /*application='Store'*/[0m
  [1m[36mProduct Create (8.3ms)[0m  [1m[32mINSERT INTO "products" ("name", "created_at", "updated_at") VALUES ('ballpen', '2025-03-22 13:51:35.285401', '2025-03-22 13:51:35.285401') RETURNING "id" /*application='Store'*/[0m
  [1m[36mTRANSACTION (0.2ms)[0m  [1m[35mCOMMIT TRANSACTION /*application='Store'*/[0m
  [1m[36mTRANSACTION (0.2ms)[0m  [1m[35mBEGIN immediate TRANSACTION /*application='Store'*/[0m
  [1m[36mProduct Create (0.3ms)[0m  [1m[32mINSERT INTO "products" ("name", "created_at", "updated_at") VALUES ('pencil', '2025-03-22 13:51:35.307914', '2025-03-22 13:51:35.307914') RETURNING "id" /*application='Store'*/[0m
  [1m[36mTRANSACTION (0.0ms)[0m  [1m[35mCOMMIT TRANSACTION /*application='Store'*/[0m
  [1m[36mTRANSACTION (0.0ms)[0m  [1m[35mBEGIN immediate TRANSACTION /*application='Store'*/[0m
  [1m[36mProduct Create (2.4ms)[0m  [1m[32mINSERT INTO "products" ("name", "created_at", "updated_at") VALUES ('apple', '2025-03-22 13:51:35.313044', '2025-03-22 13:51:35.313044') RETURNING "id" /*application='Store'*/[0m
  [1m[36mTRANSACTION (0.0ms)[0m  [1m[35mCOMMIT TRANSACTION /*application='Store'*/[0m
Started GET "/products/index" for 127.0.0.1 at 2025-03-22 22:51:43 +0900
Processing by ProductsController#index as HTML
  Rendering layout layouts/application.html.erb
  Rendering products/index.html.erb within layouts/application
  [1m[36mProduct Load (0.9ms)[0m  [1m[34mSELECT "products".* FROM "products" /*action='index',application='Store',controller='products'*/[0m
  ↳ app/views/products/index.html.erb:4
  Rendered products/index.html.erb within layouts/application (Duration: 19.4ms | GC: 0.2ms)
  Rendered layout layouts/application.html.erb (Duration: 30.1ms | GC: 0.4ms)
Completed 200 OK in 78ms (Views: 28.9ms | ActiveRecord: 2.9ms (1 query, 0 cached) | GC: 2.0ms)


  [1m[36mTRANSACTION (0.8ms)[0m  [1m[35mBEGIN immediate TRANSACTION /*application='Store'*/[0m
  [1m[36mProduct Create (5.5ms)[0m  [1m[32mINSERT INTO "products" ("name", "created_at", "updated_at") VALUES ('ballpen', '2025-03-22 13:52:06.547932', '2025-03-22 13:52:06.547932') RETURNING "id" /*application='Store'*/[0m
  [1m[36mTRANSACTION (0.3ms)[0m  [1m[35mCOMMIT TRANSACTION /*application='Store'*/[0m
  [1m[36mTRANSACTION (0.0ms)[0m  [1m[35mBEGIN immediate TRANSACTION /*application='Store'*/[0m
  [1m[36mProduct Create (0.6ms)[0m  [1m[32mINSERT INTO "products" ("name", "created_at", "updated_at") VALUES ('pencil', '2025-03-22 13:52:06.566624', '2025-03-22 13:52:06.566624') RETURNING "id" /*application='Store'*/[0m
  [1m[36mTRANSACTION (0.1ms)[0m  [1m[35mCOMMIT TRANSACTION /*application='Store'*/[0m
  [1m[36mTRANSACTION (0.0ms)[0m  [1m[35mBEGIN immediate TRANSACTION /*application='Store'*/[0m
  [1m[36mProduct Create (7.9ms)[0m  [1m[32mINSERT INTO "products" ("name", "created_at", "updated_at") VALUES ('apple', '2025-03-22 13:52:06.570772', '2025-03-22 13:52:06.570772') RETURNING "id" /*application='Store'*/[0m
  [1m[36mTRANSACTION (0.1ms)[0m  [1m[35mCOMMIT TRANSACTION /*application='Store'*/[0m
Started GET "/products/index" for 127.0.0.1 at 2025-03-22 22:52:14 +0900
Processing by ProductsController#index as HTML
  Rendering layout layouts/application.html.erb
  Rendering products/index.html.erb within layouts/application
  [1m[36mProduct Load (4.9ms)[0m  [1m[34mSELECT "products".* FROM "products" /*action='index',application='Store',controller='products'*/[0m
  ↳ app/views/products/index.html.erb:4
  Rendered products/index.html.erb within layouts/application (Duration: 20.6ms | GC: 0.0ms)
  Rendered layout layouts/application.html.erb (Duration: 22.1ms | GC: 0.0ms)
Completed 200 OK in 54ms (Views: 17.9ms | ActiveRecord: 5.9ms (1 query, 0 cached) | GC: 0.0ms)


Started GET "/products/1" for 127.0.0.1 at 2025-03-22 22:52:21 +0900
  
ActionController::RoutingError (No route matches [GET] "/products/1"):
  
Started GET "/products/1" for 127.0.0.1 at 2025-03-22 22:55:44 +0900
  
ActionController::RoutingError (No route matches [GET] "/products/1"):
  
Started GET "/products/index" for 127.0.0.1 at 2025-03-22 22:55:46 +0900
Processing by ProductsController#index as HTML
  Rendering layout layouts/application.html.erb
  Rendering products/index.html.erb within layouts/application
  [1m[36mProduct Load (2.4ms)[0m  [1m[34mSELECT "products".* FROM "products" /*action='index',application='Store',controller='products'*/[0m
  ↳ app/views/products/index.html.erb:4
  Rendered products/index.html.erb within layouts/application (Duration: 11.5ms | GC: 0.2ms)
  Rendered layout layouts/application.html.erb (Duration: 11.6ms | GC: 0.2ms)
Completed 500 Internal Server Error in 48ms (ActiveRecord: 3.0ms (1 query, 0 cached) | GC: 0.4ms)


  
ActionView::Template::Error (undefined method `product_path' for an instance of #<Class:0x00000001271f9bb8>)
Caused by: NoMethodError (undefined method `product_path' for an instance of #<Class:0x00000001271f9bb8>)

Information for: ActionView::Template::Error (undefined method `product_path' for an instance of #<Class:0x00000001271f9bb8>):
    3: <div id="products">
    4:   <% @products.each do |product| %>
    5:     <div>
    6:         <%= link_to product.name, product %>
    7:     </div>
    8:   <% end %>
    9: </div>
  
app/views/products/index.html.erb:6
app/views/products/index.html.erb:4

Information for cause: NoMethodError (undefined method `product_path' for an instance of #<Class:0x00000001271f9bb8>):
  
app/views/products/index.html.erb:6
app/views/products/index.html.erb:4
Started GET "/products/index" for 127.0.0.1 at 2025-03-22 22:56:15 +0900
Processing by ProductsController#index as HTML
  Rendering layout layouts/application.html.erb
  Rendering products/index.html.erb within layouts/application
  [1m[36mProduct Load (1.5ms)[0m  [1m[34mSELECT "products".* FROM "products" /*action='index',application='Store',controller='products'*/[0m
  ↳ app/views/products/index.html.erb:4
  Rendered products/index.html.erb within layouts/application (Duration: 15.9ms | GC: 0.4ms)
  Rendered layout layouts/application.html.erb (Duration: 17.7ms | GC: 0.4ms)
Completed 200 OK in 52ms (Views: 16.7ms | ActiveRecord: 2.3ms (1 query, 0 cached) | GC: 1.1ms)


Started GET "/products/2" for 127.0.0.1 at 2025-03-22 22:56:18 +0900
  
ActionController::RoutingError (No route matches [GET] "/products/2"):
  
Started GET "/products/index" for 127.0.0.1 at 2025-03-22 22:58:51 +0900
Processing by ProductsController#show as HTML
  Parameters: {"id"=>"index"}
  [1m[36mProduct Load (0.5ms)[0m  [1m[34mSELECT "products".* FROM "products" WHERE "products"."id" = NULL LIMIT 1 /*action='show',application='Store',controller='products'*/[0m
  ↳ app/controllers/products_controller.rb:7:in `show'
Completed 404 Not Found in 73ms (ActiveRecord: 2.0ms (1 query, 0 cached) | GC: 0.0ms)


  
ActiveRecord::RecordNotFound (Couldn't find Product with 'id'=index):
  
app/controllers/products_controller.rb:7:in `show'
Started GET "/products/index" for 127.0.0.1 at 2025-03-22 23:00:35 +0900
Processing by ProductsController#show as HTML
  Parameters: {"id"=>"index"}
  [1m[36mProduct Load (0.0ms)[0m  [1m[34mSELECT "products".* FROM "products" WHERE "products"."id" = NULL LIMIT 1 /*action='show',application='Store',controller='products'*/[0m
  ↳ app/controllers/products_controller.rb:7:in `show'
Completed 404 Not Found in 47ms (ActiveRecord: 1.2ms (1 query, 0 cached) | GC: 0.3ms)


  
ActiveRecord::RecordNotFound (Couldn't find Product with 'id'=index):
  
app/controllers/products_controller.rb:7:in `show'
Started GET "/products/index" for 127.0.0.1 at 2025-03-22 23:00:36 +0900
Processing by ProductsController#show as HTML
  Parameters: {"id"=>"index"}
  [1m[36mProduct Load (0.1ms)[0m  [1m[34mSELECT "products".* FROM "products" WHERE "products"."id" = NULL LIMIT 1 /*action='show',application='Store',controller='products'*/[0m
  ↳ app/controllers/products_controller.rb:7:in `show'
Completed 404 Not Found in 31ms (ActiveRecord: 0.1ms (1 query, 0 cached) | GC: 0.2ms)


  
ActiveRecord::RecordNotFound (Couldn't find Product with 'id'=index):
  
app/controllers/products_controller.rb:7:in `show'
Started GET "/favicon.ico" for 127.0.0.1 at 2025-03-22 23:00:53 +0900
  
ActionController::RoutingError (No route matches [GET] "/favicon.ico"):
  
Started GET "/products/index" for 127.0.0.1 at 2025-03-22 23:02:24 +0900
Processing by ProductsController#show as HTML
  Parameters: {"id"=>"index"}
  [1m[36mProduct Load (0.0ms)[0m  [1m[34mSELECT "products".* FROM "products" WHERE "products"."id" = NULL LIMIT 1 /*action='show',application='Store',controller='products'*/[0m
  ↳ app/controllers/products_controller.rb:7:in `show'
Completed 404 Not Found in 42ms (ActiveRecord: 1.3ms (1 query, 0 cached) | GC: 0.0ms)


  
ActiveRecord::RecordNotFound (Couldn't find Product with 'id'=index):
  
app/controllers/products_controller.rb:7:in `show'
Started GET "/products/index" for 127.0.0.1 at 2025-03-22 23:02:26 +0900
Processing by ProductsController#show as HTML
  Parameters: {"id"=>"index"}
  [1m[36mProduct Load (0.5ms)[0m  [1m[34mSELECT "products".* FROM "products" WHERE "products"."id" = NULL LIMIT 1 /*action='show',application='Store',controller='products'*/[0m
  ↳ app/controllers/products_controller.rb:7:in `show'
Completed 404 Not Found in 34ms (ActiveRecord: 0.5ms (1 query, 0 cached) | GC: 0.0ms)


  
ActiveRecord::RecordNotFound (Couldn't find Product with 'id'=index):
  
app/controllers/products_controller.rb:7:in `show'
Started GET "/products/index" for 127.0.0.1 at 2025-03-22 23:02:26 +0900
Processing by ProductsController#show as HTML
  Parameters: {"id"=>"index"}
  [1m[36mProduct Load (0.1ms)[0m  [1m[34mSELECT "products".* FROM "products" WHERE "products"."id" = NULL LIMIT 1 /*action='show',application='Store',controller='products'*/[0m
  ↳ app/controllers/products_controller.rb:7:in `show'
Completed 404 Not Found in 33ms (ActiveRecord: 0.1ms (1 query, 0 cached) | GC: 0.0ms)


  
ActiveRecord::RecordNotFound (Couldn't find Product with 'id'=index):
  
app/controllers/products_controller.rb:7:in `show'
Started GET "/products/index" for 127.0.0.1 at 2025-03-22 23:02:27 +0900
Processing by ProductsController#show as HTML
  Parameters: {"id"=>"index"}
  [1m[36mProduct Load (0.1ms)[0m  [1m[34mSELECT "products".* FROM "products" WHERE "products"."id" = NULL LIMIT 1 /*action='show',application='Store',controller='products'*/[0m
  ↳ app/controllers/products_controller.rb:7:in `show'
Completed 404 Not Found in 27ms (ActiveRecord: 0.1ms (1 query, 0 cached) | GC: 0.0ms)


  
ActiveRecord::RecordNotFound (Couldn't find Product with 'id'=index):
  
app/controllers/products_controller.rb:7:in `show'
Started GET "/products/index" for 127.0.0.1 at 2025-03-22 23:02:43 +0900
Processing by ProductsController#show as HTML
  Parameters: {"id"=>"index"}
  [1m[36mProduct Load (0.0ms)[0m  [1m[34mSELECT "products".* FROM "products" WHERE "products"."id" = NULL LIMIT 1 /*action='show',application='Store',controller='products'*/[0m
  ↳ app/controllers/products_controller.rb:7:in `show'
Completed 404 Not Found in 46ms (ActiveRecord: 1.3ms (1 query, 0 cached) | GC: 0.0ms)


  
ActiveRecord::RecordNotFound (Couldn't find Product with 'id'=index):
  
app/controllers/products_controller.rb:7:in `show'
Started GET "/products/index" for 127.0.0.1 at 2025-03-22 23:02:44 +0900
Processing by ProductsController#show as HTML
  Parameters: {"id"=>"index"}
  [1m[36mProduct Load (0.1ms)[0m  [1m[34mSELECT "products".* FROM "products" WHERE "products"."id" = NULL LIMIT 1 /*action='show',application='Store',controller='products'*/[0m
  ↳ app/controllers/products_controller.rb:7:in `show'
Completed 404 Not Found in 35ms (ActiveRecord: 0.1ms (1 query, 0 cached) | GC: 0.0ms)


  
ActiveRecord::RecordNotFound (Couldn't find Product with 'id'=index):
  
app/controllers/products_controller.rb:7:in `show'
Started GET "/products/index" for 127.0.0.1 at 2025-03-22 23:02:44 +0900
Processing by ProductsController#show as HTML
  Parameters: {"id"=>"index"}
  [1m[36mProduct Load (0.1ms)[0m  [1m[34mSELECT "products".* FROM "products" WHERE "products"."id" = NULL LIMIT 1 /*action='show',application='Store',controller='products'*/[0m
  ↳ app/controllers/products_controller.rb:7:in `show'
Completed 404 Not Found in 38ms (ActiveRecord: 0.1ms (1 query, 0 cached) | GC: 0.0ms)


  
ActiveRecord::RecordNotFound (Couldn't find Product with 'id'=index):
  
app/controllers/products_controller.rb:7:in `show'
Started GET "/products" for 127.0.0.1 at 2025-03-22 23:02:58 +0900
Processing by ProductsController#index as HTML
  Rendering layout layouts/application.html.erb
  Rendering products/index.html.erb within layouts/application
  [1m[36mProduct Load (0.1ms)[0m  [1m[34mSELECT "products".* FROM "products" /*action='index',application='Store',controller='products'*/[0m
  ↳ app/views/products/index.html.erb:4
  Rendered products/index.html.erb within layouts/application (Duration: 15.6ms | GC: 0.0ms)
  Rendered layout layouts/application.html.erb (Duration: 17.0ms | GC: 0.0ms)
Completed 200 OK in 56ms (Views: 21.3ms | ActiveRecord: 0.1ms (1 query, 0 cached) | GC: 0.0ms)


Started GET "/products/index" for 127.0.0.1 at 2025-03-22 23:03:04 +0900
Processing by ProductsController#show as HTML
  Parameters: {"id"=>"index"}
  [1m[36mProduct Load (0.1ms)[0m  [1m[34mSELECT "products".* FROM "products" WHERE "products"."id" = NULL LIMIT 1 /*action='show',application='Store',controller='products'*/[0m
  ↳ app/controllers/products_controller.rb:7:in `show'
Completed 404 Not Found in 33ms (ActiveRecord: 0.1ms (1 query, 0 cached) | GC: 0.0ms)


  
ActiveRecord::RecordNotFound (Couldn't find Product with 'id'=index):
  
app/controllers/products_controller.rb:7:in `show'
Started GET "/products/1" for 127.0.0.1 at 2025-03-22 23:03:12 +0900
Processing by ProductsController#show as HTML
  Parameters: {"id"=>"1"}
  [1m[36mProduct Load (0.1ms)[0m  [1m[34mSELECT "products".* FROM "products" WHERE "products"."id" = 1 LIMIT 1 /*action='show',application='Store',controller='products'*/[0m
  ↳ app/controllers/products_controller.rb:7:in `show'
  Rendering layout layouts/application.html.erb
  Rendering products/show.html.erb within layouts/application
  Rendered products/show.html.erb within layouts/application (Duration: 1.4ms | GC: 0.0ms)
  Rendered layout layouts/application.html.erb (Duration: 3.9ms | GC: 0.0ms)
Completed 200 OK in 41ms (Views: 5.2ms | ActiveRecord: 0.1ms (1 query, 0 cached) | GC: 0.0ms)


Started GET "/products" for 127.0.0.1 at 2025-03-22 23:03:14 +0900
Processing by ProductsController#index as HTML
  Rendering layout layouts/application.html.erb
  Rendering products/index.html.erb within layouts/application
  [1m[36mProduct Load (0.1ms)[0m  [1m[34mSELECT "products".* FROM "products" /*action='index',application='Store',controller='products'*/[0m
  ↳ app/views/products/index.html.erb:4
  Rendered products/index.html.erb within layouts/application (Duration: 7.8ms | GC: 0.0ms)
  Rendered layout layouts/application.html.erb (Duration: 8.9ms | GC: 0.0ms)
Completed 200 OK in 39ms (Views: 10.7ms | ActiveRecord: 0.1ms (1 query, 0 cached) | GC: 0.0ms)


Started GET "/products/2" for 127.0.0.1 at 2025-03-22 23:03:15 +0900
Processing by ProductsController#show as HTML
  Parameters: {"id"=>"2"}
  [1m[36mProduct Load (0.1ms)[0m  [1m[34mSELECT "products".* FROM "products" WHERE "products"."id" = 2 LIMIT 1 /*action='show',application='Store',controller='products'*/[0m
  ↳ app/controllers/products_controller.rb:7:in `show'
  Rendering layout layouts/application.html.erb
  Rendering products/show.html.erb within layouts/application
  Rendered products/show.html.erb within layouts/application (Duration: 0.2ms | GC: 0.0ms)
  Rendered layout layouts/application.html.erb (Duration: 1.8ms | GC: 0.0ms)
Completed 200 OK in 31ms (Views: 2.3ms | ActiveRecord: 0.1ms (1 query, 0 cached) | GC: 0.0ms)


Started GET "/products" for 127.0.0.1 at 2025-03-22 23:03:16 +0900
Processing by ProductsController#index as HTML
  Rendering layout layouts/application.html.erb
  Rendering products/index.html.erb within layouts/application
  [1m[36mProduct Load (0.1ms)[0m  [1m[34mSELECT "products".* FROM "products" /*action='index',application='Store',controller='products'*/[0m
  ↳ app/views/products/index.html.erb:4
  Rendered products/index.html.erb within layouts/application (Duration: 1.2ms | GC: 0.0ms)
  Rendered layout layouts/application.html.erb (Duration: 3.0ms | GC: 0.0ms)
Completed 200 OK in 38ms (Views: 3.1ms | ActiveRecord: 0.1ms (1 query, 0 cached) | GC: 0.0ms)


Started GET "/products/3" for 127.0.0.1 at 2025-03-22 23:03:17 +0900
Processing by ProductsController#show as HTML
  Parameters: {"id"=>"3"}
  [1m[36mProduct Load (0.1ms)[0m  [1m[34mSELECT "products".* FROM "products" WHERE "products"."id" = 3 LIMIT 1 /*action='show',application='Store',controller='products'*/[0m
  ↳ app/controllers/products_controller.rb:7:in `show'
  Rendering layout layouts/application.html.erb
  Rendering products/show.html.erb within layouts/application
  Rendered products/show.html.erb within layouts/application (Duration: 0.9ms | GC: 0.0ms)
  Rendered layout layouts/application.html.erb (Duration: 7.1ms | GC: 0.0ms)
Completed 200 OK in 40ms (Views: 7.3ms | ActiveRecord: 0.1ms (1 query, 0 cached) | GC: 0.0ms)


Started GET "/products" for 127.0.0.1 at 2025-03-22 23:03:18 +0900
Processing by ProductsController#index as HTML
  Rendering layout layouts/application.html.erb
  Rendering products/index.html.erb within layouts/application
  [1m[36mProduct Load (0.1ms)[0m  [1m[34mSELECT "products".* FROM "products" /*action='index',application='Store',controller='products'*/[0m
  ↳ app/views/products/index.html.erb:4
  Rendered products/index.html.erb within layouts/application (Duration: 10.8ms | GC: 0.5ms)
  Rendered layout layouts/application.html.erb (Duration: 11.3ms | GC: 0.5ms)
Completed 200 OK in 47ms (Views: 11.4ms | ActiveRecord: 0.1ms (1 query, 0 cached) | GC: 0.5ms)


