  [1m[35m (0.9ms)[0m  [1m[35mCREATE TABLE "schema_migrations" ("version" varchar NOT NULL PRIMARY KEY)[0m
  [1m[35m (0.1ms)[0m  [1m[35mCREATE TABLE "ar_internal_metadata" ("key" varchar NOT NULL PRIMARY KEY, "value" varchar, "created_at" datetime(6) NOT NULL, "updated_at" datetime(6) NOT NULL)[0m
  [1m[36mActiveRecord::InternalMetadata Load (0.1ms)[0m  [1m[34mSELECT * FROM "ar_internal_metadata" WHERE "ar_internal_metadata"."key" = ? ORDER BY "ar_internal_metadata"."key" ASC LIMIT 1[0m  [[nil, "environment"]]
  [1m[36mActiveRecord::InternalMetadata Create (0.1ms)[0m  [1m[32mINSERT INTO "ar_internal_metadata" ("key", "value", "created_at", "updated_at") VALUES ('environment', 'development', '2024-11-04 23:35:39.776762', '2024-11-04 23:35:39.776763') RETURNING "key"[0m
  [1m[36mActiveRecord::SchemaMigration Load (0.0ms)[0m  [1m[34mSELECT "schema_migrations"."version" FROM "schema_migrations" ORDER BY "schema_migrations"."version" ASC[0m
Migrating to CreateUsers (20241104233529)
  [1m[36mTRANSACTION (0.0ms)[0m  [1m[36mbegin transaction[0m
  [1m[35m (0.8ms)[0m  [1m[35mCREATE TABLE "users" ("id" integer PRIMARY KEY AUTOINCREMENT NOT NULL, "username" varchar(30), "password_digest" varchar, "created_at" datetime(6) NOT NULL, "updated_at" datetime(6) NOT NULL)[0m
  [1m[35m (0.1ms)[0m  [1m[35mCREATE UNIQUE INDEX "index_users_on_username" ON "users" ("username")[0m
  [1m[36mActiveRecord::SchemaMigration Create (0.0ms)[0m  [1m[32mINSERT INTO "schema_migrations" ("version") VALUES ('20241104233529') RETURNING "version"[0m
  [1m[36mTRANSACTION (0.1ms)[0m  [1m[36mcommit transaction[0m
  [1m[36mActiveRecord::SchemaMigration Load (0.1ms)[0m  [1m[34mSELECT "schema_migrations"."version" FROM "schema_migrations" ORDER BY "schema_migrations"."version" ASC[0m
  [1m[36mActiveRecord::SchemaMigration Load (0.1ms)[0m  [1m[34mSELECT "schema_migrations"."version" FROM "schema_migrations" ORDER BY "schema_migrations"."version" ASC[0m
  [1m[36mActiveRecord::SchemaMigration Load (0.0ms)[0m  [1m[34mSELECT "schema_migrations"."version" FROM "schema_migrations" ORDER BY "schema_migrations"."version" ASC[0m
  [1m[36mActiveRecord::SchemaMigration Load (0.0ms)[0m  [1m[34mSELECT "schema_migrations"."version" FROM "schema_migrations" ORDER BY "schema_migrations"."version" ASC[0m
  [1m[36mActiveRecord::SchemaMigration Load (0.0ms)[0m  [1m[34mSELECT "schema_migrations"."version" FROM "schema_migrations" ORDER BY "schema_migrations"."version" ASC[0m
Migrating to CreateUsers (20241104233529)
  [1m[36mTRANSACTION (0.0ms)[0m  [1m[36mbegin transaction[0m
  [1m[35mSQL (0.4ms)[0m  [1m[35mDROP INDEX "index_users_on_username"[0m
  [1m[35m (0.9ms)[0m  [1m[35mDROP TABLE "users"[0m
  [1m[36mActiveRecord::SchemaMigration Destroy (0.1ms)[0m  [1m[31mDELETE FROM "schema_migrations" WHERE "schema_migrations"."version" = '20241104233529'[0m
  [1m[36mTRANSACTION (0.5ms)[0m  [1m[36mcommit transaction[0m
  [1m[36mActiveRecord::SchemaMigration Load (0.4ms)[0m  [1m[34mSELECT "schema_migrations"."version" FROM "schema_migrations" ORDER BY "schema_migrations"."version" ASC[0m
  [1m[36mActiveRecord::InternalMetadata Load (0.7ms)[0m  [1m[34mSELECT * FROM "ar_internal_metadata" WHERE "ar_internal_metadata"."key" = ? ORDER BY "ar_internal_metadata"."key" ASC LIMIT 1[0m  [[nil, "environment"]]
  [1m[36mActiveRecord::SchemaMigration Load (0.0ms)[0m  [1m[34mSELECT "schema_migrations"."version" FROM "schema_migrations" ORDER BY "schema_migrations"."version" ASC[0m
Migrating to CreateUsers (20241104233807)
  [1m[36mTRANSACTION (0.0ms)[0m  [1m[36mbegin transaction[0m
  [1m[35m (0.9ms)[0m  [1m[35mCREATE TABLE "users" ("id" integer PRIMARY KEY AUTOINCREMENT NOT NULL, "username" varchar(30), "password_digest" varchar, "created_at" datetime(6) NOT NULL, "updated_at" datetime(6) NOT NULL)[0m
  [1m[36mActiveRecord::SchemaMigration Create (0.1ms)[0m  [1m[32mINSERT INTO "schema_migrations" ("version") VALUES ('20241104233807') RETURNING "version"[0m
  [1m[36mTRANSACTION (0.2ms)[0m  [1m[36mcommit transaction[0m
  [1m[36mActiveRecord::SchemaMigration Load (0.0ms)[0m  [1m[34mSELECT "schema_migrations"."version" FROM "schema_migrations" ORDER BY "schema_migrations"."version" ASC[0m
  [1m[36mActiveRecord::SchemaMigration Load (0.7ms)[0m  [1m[34mSELECT "schema_migrations"."version" FROM "schema_migrations" ORDER BY "schema_migrations"."version" ASC[0m
Started GET "/api/user" for 127.0.0.1 at 2024-11-05 08:45:26 +0900
  [1m[36mActiveRecord::SchemaMigration Load (0.4ms)[0m  [1m[34mSELECT "schema_migrations"."version" FROM "schema_migrations" ORDER BY "schema_migrations"."version" ASC[0m
  
ActionController::RoutingError (No route matches [GET] "/api/user"):
  
Started GET "/favicon.ico" for 127.0.0.1 at 2024-11-05 08:45:27 +0900
  
ActionController::RoutingError (No route matches [GET] "/favicon.ico"):
  
Started POST "/api/user" for 127.0.0.1 at 2024-11-05 08:46:24 +0900
  
ActionController::RoutingError (No route matches [POST] "/api/user"):
  
Started POST "/api/user" for 127.0.0.1 at 2024-11-05 08:46:51 +0900
  
ActionController::RoutingError (No route matches [POST] "/api/user"):
  
Started POST "/api/user" for 127.0.0.1 at 2024-11-05 08:48:27 +0900
Processing by UserController#create as */*
  Parameters: {"username"=>"hoge", "password"=>"[FILTERED]", "password_confirmation"=>"[FILTERED]"}
Can't verify CSRF token authenticity.
Completed 422 Unprocessable Content in 1ms (ActiveRecord: 0.0ms (0 queries, 0 cached) | GC: 0.0ms)


  
ActionController::InvalidAuthenticityToken (Can't verify CSRF token authenticity.):
  
actionpack (7.2.2) lib/action_controller/metal/request_forgery_protection.rb:312:in `handle_unverified_request'
actionpack (7.2.2) lib/action_controller/metal/request_forgery_protection.rb:406:in `handle_unverified_request'
actionpack (7.2.2) lib/action_controller/metal/request_forgery_protection.rb:395:in `verify_authenticity_token'
activesupport (7.2.2) lib/active_support/callbacks.rb:362:in `block in make_lambda'
activesupport (7.2.2) lib/active_support/callbacks.rb:179:in `block in call'
actionpack (7.2.2) lib/abstract_controller/callbacks.rb:34:in `block (2 levels) in <module:Callbacks>'
activesupport (7.2.2) lib/active_support/callbacks.rb:180:in `call'
activesupport (7.2.2) lib/active_support/callbacks.rb:559:in `block in invoke_before'
activesupport (7.2.2) lib/active_support/callbacks.rb:559:in `each'
activesupport (7.2.2) lib/active_support/callbacks.rb:559:in `invoke_before'
activesupport (7.2.2) lib/active_support/callbacks.rb:119:in `block in run_callbacks'
activesupport (7.2.2) lib/active_support/callbacks.rb:141:in `run_callbacks'
actionpack (7.2.2) lib/abstract_controller/callbacks.rb:260:in `process_action'
actionpack (7.2.2) lib/action_controller/metal/rescue.rb:27:in `process_action'
actionpack (7.2.2) lib/action_controller/metal/instrumentation.rb:77:in `block in process_action'
activesupport (7.2.2) lib/active_support/notifications.rb:210:in `block in instrument'
activesupport (7.2.2) lib/active_support/notifications/instrumenter.rb:58:in `instrument'
activesupport (7.2.2) lib/active_support/notifications.rb:210:in `instrument'
actionpack (7.2.2) lib/action_controller/metal/instrumentation.rb:76:in `process_action'
actionpack (7.2.2) lib/action_controller/metal/params_wrapper.rb:259:in `process_action'
activerecord (7.2.2) lib/active_record/railties/controller_runtime.rb:39:in `process_action'
actionpack (7.2.2) lib/abstract_controller/base.rb:163:in `process'
actionview (7.2.2) lib/action_view/rendering.rb:40:in `process'
actionpack (7.2.2) lib/action_controller/metal.rb:252:in `dispatch'
actionpack (7.2.2) lib/action_controller/metal.rb:335:in `dispatch'
actionpack (7.2.2) lib/action_dispatch/routing/route_set.rb:67:in `dispatch'
actionpack (7.2.2) lib/action_dispatch/routing/route_set.rb:50:in `serve'
actionpack (7.2.2) lib/action_dispatch/journey/router.rb:53:in `block in serve'
actionpack (7.2.2) lib/action_dispatch/journey/router.rb:133:in `block in find_routes'
actionpack (7.2.2) lib/action_dispatch/journey/router.rb:126:in `each'
actionpack (7.2.2) lib/action_dispatch/journey/router.rb:126:in `find_routes'
actionpack (7.2.2) lib/action_dispatch/journey/router.rb:34:in `serve'
actionpack (7.2.2) lib/action_dispatch/routing/route_set.rb:896:in `call'
rack (3.1.8) lib/rack/tempfile_reaper.rb:20:in `call'
rack (3.1.8) lib/rack/etag.rb:29:in `call'
rack (3.1.8) lib/rack/conditional_get.rb:43:in `call'
rack (3.1.8) lib/rack/head.rb:15:in `call'
actionpack (7.2.2) lib/action_dispatch/http/permissions_policy.rb:38:in `call'
actionpack (7.2.2) lib/action_dispatch/http/content_security_policy.rb:35:in `call'
rack-session (2.0.0) lib/rack/session/abstract/id.rb:272:in `context'
rack-session (2.0.0) lib/rack/session/abstract/id.rb:266:in `call'
actionpack (7.2.2) lib/action_dispatch/middleware/cookies.rb:704:in `call'
activerecord (7.2.2) lib/active_record/migration.rb:674:in `call'
actionpack (7.2.2) lib/action_dispatch/middleware/callbacks.rb:31:in `block in call'
activesupport (7.2.2) lib/active_support/callbacks.rb:101:in `run_callbacks'
actionpack (7.2.2) lib/action_dispatch/middleware/callbacks.rb:30:in `call'
actionpack (7.2.2) lib/action_dispatch/middleware/executor.rb:16:in `call'
actionpack (7.2.2) lib/action_dispatch/middleware/actionable_exceptions.rb:18:in `call'
actionpack (7.2.2) lib/action_dispatch/middleware/debug_exceptions.rb:31:in `call'
web-console (4.2.1) lib/web_console/middleware.rb:132:in `call_app'
web-console (4.2.1) lib/web_console/middleware.rb:28:in `block in call'
web-console (4.2.1) lib/web_console/middleware.rb:17:in `catch'
web-console (4.2.1) lib/web_console/middleware.rb:17:in `call'
actionpack (7.2.2) lib/action_dispatch/middleware/show_exceptions.rb:32:in `call'
railties (7.2.2) lib/rails/rack/logger.rb:41:in `call_app'
railties (7.2.2) lib/rails/rack/logger.rb:29:in `call'
sprockets-rails (3.5.2) lib/sprockets/rails/quiet_assets.rb:17:in `call'
actionpack (7.2.2) lib/action_dispatch/middleware/remote_ip.rb:96:in `call'
actionpack (7.2.2) lib/action_dispatch/middleware/request_id.rb:33:in `call'
rack (3.1.8) lib/rack/method_override.rb:28:in `call'
rack (3.1.8) lib/rack/runtime.rb:24:in `call'
activesupport (7.2.2) lib/active_support/cache/strategy/local_cache_middleware.rb:29:in `call'
actionpack (7.2.2) lib/action_dispatch/middleware/server_timing.rb:61:in `block in call'
actionpack (7.2.2) lib/action_dispatch/middleware/server_timing.rb:26:in `collect_events'
actionpack (7.2.2) lib/action_dispatch/middleware/server_timing.rb:60:in `call'
actionpack (7.2.2) lib/action_dispatch/middleware/executor.rb:16:in `call'
actionpack (7.2.2) lib/action_dispatch/middleware/static.rb:27:in `call'
rack (3.1.8) lib/rack/sendfile.rb:114:in `call'
actionpack (7.2.2) lib/action_dispatch/middleware/host_authorization.rb:143:in `call'
railties (7.2.2) lib/rails/engine.rb:535:in `call'
puma (6.4.3) lib/puma/configuration.rb:272:in `call'
puma (6.4.3) lib/puma/request.rb:100:in `block in handle_request'
puma (6.4.3) lib/puma/thread_pool.rb:378:in `with_force_shutdown'
puma (6.4.3) lib/puma/request.rb:99:in `handle_request'
puma (6.4.3) lib/puma/server.rb:464:in `process_client'
puma (6.4.3) lib/puma/server.rb:245:in `block in run'
puma (6.4.3) lib/puma/thread_pool.rb:155:in `block in spawn_thread'
Started POST "/api/user" for 127.0.0.1 at 2024-11-05 08:50:06 +0900
Processing by UserController#create as */*
  Parameters: {"username"=>"hoge", "password"=>"[FILTERED]", "password_confirmation"=>"[FILTERED]"}
  [1m[36mTRANSACTION (1.3ms)[0m  [1m[36mbegin transaction[0m
  ↳ app/controllers/user_controller.rb:9:in `create'
  [1m[36mUser Create (3.7ms)[0m  [1m[32mINSERT INTO "users" ("username", "password_digest", "created_at", "updated_at") VALUES (?, ?, ?, ?) RETURNING "id"[0m  [["username", "hoge"], ["password_digest", "[FILTERED]"], ["created_at", "2024-11-04 23:50:07.276840"], ["updated_at", "2024-11-04 23:50:07.276840"]]
  ↳ app/controllers/user_controller.rb:9:in `create'
  [1m[36mTRANSACTION (0.4ms)[0m  [1m[36mcommit transaction[0m
  ↳ app/controllers/user_controller.rb:9:in `create'
No template found for UserController#create, rendering head :no_content
Completed 204 No Content in 269ms (ActiveRecord: 6.7ms (1 query, 0 cached) | GC: 1.3ms)


Started GET "/api/user" for 127.0.0.1 at 2024-11-05 08:50:19 +0900
  
ActionController::RoutingError (No route matches [GET] "/api/user"):
  
Started GET "/api/user" for 127.0.0.1 at 2024-11-05 08:50:47 +0900
Processing by UserController#index as */*
No template found for UserController#index, rendering head :no_content
Completed 204 No Content in 9ms (ActiveRecord: 0.0ms (0 queries, 0 cached) | GC: 0.2ms)


Started GET "/api/user" for 127.0.0.1 at 2024-11-05 08:53:40 +0900
Processing by UserController#index as */*
  [1m[36mUser Load (3.5ms)[0m  [1m[34mSELECT "users".* FROM "users"[0m
  ↳ app/controllers/user_controller.rb:6:in `index'
Completed 200 OK in 18ms (Views: 9.5ms | ActiveRecord: 4.5ms (1 query, 0 cached) | GC: 0.0ms)


Started GET "/api/user" for 127.0.0.1 at 2024-11-05 08:53:44 +0900
Processing by UserController#index as */*
  [1m[36mUser Load (0.2ms)[0m  [1m[34mSELECT "users".* FROM "users"[0m
  ↳ app/controllers/user_controller.rb:6:in `index'
Completed 200 OK in 3ms (Views: 2.6ms | ActiveRecord: 0.2ms (1 query, 0 cached) | GC: 0.0ms)


